<?xml version="1.0" encoding="UTF-8"?>
<!-- Generated by org.testng.reporters.JUnitXMLReporter -->
<testsuite ignored="2" hostname="PNT_Desktop" failures="0" tests="3" name="login sauce demo test" time="5.435" errors="0" timestamp="2023-10-24T22:39:44 EDT">
  <testcase classname="saucedemotest.ValidLoginTest" name="loginWithValidCredentials" time="0.59"/>
  <testcase classname="saucedemotest.InvalidLoginTest" name="loginWithInvalidUsernameAndValidPassword" time="0.248"/>
  <testcase classname="saucedemotest.InvalidLoginTest" name="loginWithValidUsernameAndInvalidPassword" time="0.289"/>
  <testcase classname="base.CommonAPI" name="@AfterSuite generateReport" time="0.0">
    <ignored/>
  </testcase> <!-- @AfterSuite generateReport -->
  <testcase classname="base.CommonAPI" name="@BeforeSuite extentSetup" time="0.0">
    <ignored/>
  </testcase> <!-- @BeforeSuite extentSetup -->
</testsuite> <!-- login sauce demo test -->
