<?xml version="1.0" encoding="UTF-8"?>
<!-- Generated by org.testng.reporters.JUnitXMLReporter -->
<testsuite ignored="0" hostname="PNT_Desktop" failures="0" tests="3" name="login sauce demo test" time="16.587" errors="0" timestamp="2023-10-11T22:25:58 EDT">
  <testcase classname="saucedemotest.ValidLoginTest" name="test1" time="0.15"/>
  <testcase classname="saucedemotest.InvalidLoginTest" name="test1" time="0.125"/>
  <testcase classname="saucedemotest.InvalidLoginTest" name="test2" time="0.122"/>
</testsuite> <!-- login sauce demo test -->
