<?xml version="1.0" encoding="UTF-8"?>
<testng-results ignored="0" total="3" passed="3" failed="0" skipped="0">
  <reporter-output>
    <line>
      <![CDATA[Extent Report DirectoryC:\Users\PNT\eclipse-workspace\Aug2023SeleniumProject1\target\surefire-reports\html]]>
    </line>
  </reporter-output>
  <suite started-at="2023-10-24T22:39:39 EDT" name="regression suite" finished-at="2023-10-24T22:39:44 EDT" duration-ms="5435">
    <groups>
    </groups>
    <test started-at="2023-10-24T22:39:39 EDT" name="login sauce demo test" finished-at="2023-10-24T22:39:44 EDT" duration-ms="5435">
      <class name="saucedemotest.InvalidLoginTest">
        <test-method is-config="true" signature="setUp(boolean,java.lang.String,java.lang.String,java.lang.String,java.lang.String,java.lang.String,java.lang.String)[pri:0, instance:saucedemotest.InvalidLoginTest@ab7a938]" started-at="2023-10-24T22:39:42 EDT" name="setUp" finished-at="2023-10-24T22:39:43 EDT" duration-ms="1030" status="PASS">
          <params>
            <param index="0">
              <value>
                <![CDATA[false]]>
              </value>
            </param>
            <param index="1">
              <value>
                <![CDATA[browserstack]]>
              </value>
            </param>
            <param index="2">
              <value>
                <![CDATA[OS X]]>
              </value>
            </param>
            <param index="3">
              <value>
                <![CDATA[10]]>
              </value>
            </param>
            <param index="4">
              <value>
                <![CDATA[edge]]>
              </value>
            </param>
            <param index="5">
              <value>
                <![CDATA[110]]>
              </value>
            </param>
            <param index="6">
              <value>
                <![CDATA[http://www.saucedemo.com]]>
              </value>
            </param>
          </params>
          <reporter-output>
          </reporter-output>
        </test-method> <!-- setUp -->
        <test-method is-config="true" signature="startExtent(java.lang.reflect.Method)[pri:0, instance:saucedemotest.InvalidLoginTest@ab7a938]" started-at="2023-10-24T22:39:43 EDT" name="startExtent" finished-at="2023-10-24T22:39:43 EDT" duration-ms="1" status="PASS">
          <params>
            <param index="0">
              <value>
                <![CDATA[public void saucedemotest.InvalidLoginTest.loginWithInvalidUsernameAndValidPassword()]]>
              </value>
            </param>
          </params>
          <reporter-output>
          </reporter-output>
        </test-method> <!-- startExtent -->
        <test-method signature="loginWithInvalidUsernameAndValidPassword()[pri:0, instance:saucedemotest.InvalidLoginTest@ab7a938]" started-at="2023-10-24T22:39:43 EDT" name="loginWithInvalidUsernameAndValidPassword" finished-at="2023-10-24T22:39:43 EDT" duration-ms="248" status="PASS">
          <reporter-output>
          </reporter-output>
        </test-method> <!-- loginWithInvalidUsernameAndValidPassword -->
        <test-method is-config="true" signature="afterEachTestMethod(org.testng.ITestResult)[pri:0, instance:saucedemotest.InvalidLoginTest@ab7a938]" started-at="2023-10-24T22:39:43 EDT" name="afterEachTestMethod" finished-at="2023-10-24T22:39:43 EDT" duration-ms="179" status="PASS">
          <params>
            <param index="0">
              <value>
                <![CDATA[[TestResult name=loginWithInvalidUsernameAndValidPassword status=SUCCESS method=InvalidLoginTest.loginWithInvalidUsernameAndValidPassword()[pri:0, instance:saucedemotest.InvalidLoginTest@ab7a938] output={null}]]]>
              </value>
            </param>
          </params>
          <reporter-output>
          </reporter-output>
        </test-method> <!-- afterEachTestMethod -->
        <test-method is-config="true" signature="setUp(boolean,java.lang.String,java.lang.String,java.lang.String,java.lang.String,java.lang.String,java.lang.String)[pri:0, instance:saucedemotest.InvalidLoginTest@ab7a938]" started-at="2023-10-24T22:39:43 EDT" name="setUp" finished-at="2023-10-24T22:39:44 EDT" duration-ms="1031" status="PASS">
          <params>
            <param index="0">
              <value>
                <![CDATA[false]]>
              </value>
            </param>
            <param index="1">
              <value>
                <![CDATA[browserstack]]>
              </value>
            </param>
            <param index="2">
              <value>
                <![CDATA[OS X]]>
              </value>
            </param>
            <param index="3">
              <value>
                <![CDATA[10]]>
              </value>
            </param>
            <param index="4">
              <value>
                <![CDATA[edge]]>
              </value>
            </param>
            <param index="5">
              <value>
                <![CDATA[110]]>
              </value>
            </param>
            <param index="6">
              <value>
                <![CDATA[http://www.saucedemo.com]]>
              </value>
            </param>
          </params>
          <reporter-output>
          </reporter-output>
        </test-method> <!-- setUp -->
        <test-method is-config="true" signature="startExtent(java.lang.reflect.Method)[pri:0, instance:saucedemotest.InvalidLoginTest@ab7a938]" started-at="2023-10-24T22:39:44 EDT" name="startExtent" finished-at="2023-10-24T22:39:44 EDT" duration-ms="1" status="PASS">
          <params>
            <param index="0">
              <value>
                <![CDATA[public void saucedemotest.InvalidLoginTest.loginWithValidUsernameAndInvalidPassword()]]>
              </value>
            </param>
          </params>
          <reporter-output>
          </reporter-output>
        </test-method> <!-- startExtent -->
        <test-method signature="loginWithValidUsernameAndInvalidPassword()[pri:0, instance:saucedemotest.InvalidLoginTest@ab7a938]" started-at="2023-10-24T22:39:44 EDT" name="loginWithValidUsernameAndInvalidPassword" finished-at="2023-10-24T22:39:44 EDT" duration-ms="289" status="PASS">
          <reporter-output>
          </reporter-output>
        </test-method> <!-- loginWithValidUsernameAndInvalidPassword -->
        <test-method is-config="true" signature="afterEachTestMethod(org.testng.ITestResult)[pri:0, instance:saucedemotest.InvalidLoginTest@ab7a938]" started-at="2023-10-24T22:39:44 EDT" name="afterEachTestMethod" finished-at="2023-10-24T22:39:44 EDT" duration-ms="158" status="PASS">
          <params>
            <param index="0">
              <value>
                <![CDATA[[TestResult name=loginWithValidUsernameAndInvalidPassword status=SUCCESS method=InvalidLoginTest.loginWithValidUsernameAndInvalidPassword()[pri:0, instance:saucedemotest.InvalidLoginTest@ab7a938] output={null}]]]>
              </value>
            </param>
          </params>
          <reporter-output>
          </reporter-output>
        </test-method> <!-- afterEachTestMethod -->
      </class> <!-- saucedemotest.InvalidLoginTest -->
      <class name="saucedemotest.ValidLoginTest">
        <test-method is-config="true" signature="extentSetup(org.testng.ITestContext)[pri:0, instance:saucedemotest.ValidLoginTest@3185fa6b]" started-at="2023-10-24T22:39:39 EDT" name="extentSetup" finished-at="2023-10-24T22:39:39 EDT" duration-ms="61" status="PASS">
          <params>
            <param index="0">
              <value>
                <![CDATA[org.testng.TestRunner@7de35070]]>
              </value>
            </param>
          </params>
          <reporter-output>
            <line>
              <![CDATA[Extent Report DirectoryC:\Users\PNT\eclipse-workspace\Aug2023SeleniumProject1\target\surefire-reports\html]]>
            </line>
          </reporter-output>
        </test-method> <!-- extentSetup -->
        <test-method is-config="true" signature="setUp(boolean,java.lang.String,java.lang.String,java.lang.String,java.lang.String,java.lang.String,java.lang.String)[pri:0, instance:saucedemotest.ValidLoginTest@3185fa6b]" started-at="2023-10-24T22:39:39 EDT" name="setUp" finished-at="2023-10-24T22:39:41 EDT" duration-ms="1617" status="PASS">
          <params>
            <param index="0">
              <value>
                <![CDATA[false]]>
              </value>
            </param>
            <param index="1">
              <value>
                <![CDATA[browserstack]]>
              </value>
            </param>
            <param index="2">
              <value>
                <![CDATA[OS X]]>
              </value>
            </param>
            <param index="3">
              <value>
                <![CDATA[10]]>
              </value>
            </param>
            <param index="4">
              <value>
                <![CDATA[edge]]>
              </value>
            </param>
            <param index="5">
              <value>
                <![CDATA[110]]>
              </value>
            </param>
            <param index="6">
              <value>
                <![CDATA[http://www.saucedemo.com]]>
              </value>
            </param>
          </params>
          <reporter-output>
          </reporter-output>
        </test-method> <!-- setUp -->
        <test-method is-config="true" signature="startExtent(java.lang.reflect.Method)[pri:0, instance:saucedemotest.ValidLoginTest@3185fa6b]" started-at="2023-10-24T22:39:41 EDT" name="startExtent" finished-at="2023-10-24T22:39:41 EDT" duration-ms="3" status="PASS">
          <params>
            <param index="0">
              <value>
                <![CDATA[public void saucedemotest.ValidLoginTest.loginWithValidCredentials()]]>
              </value>
            </param>
          </params>
          <reporter-output>
          </reporter-output>
        </test-method> <!-- startExtent -->
        <test-method signature="loginWithValidCredentials()[pri:0, instance:saucedemotest.ValidLoginTest@3185fa6b]" started-at="2023-10-24T22:39:41 EDT" name="loginWithValidCredentials" finished-at="2023-10-24T22:39:41 EDT" duration-ms="590" status="PASS">
          <reporter-output>
          </reporter-output>
        </test-method> <!-- loginWithValidCredentials -->
        <test-method is-config="true" signature="afterEachTestMethod(org.testng.ITestResult)[pri:0, instance:saucedemotest.ValidLoginTest@3185fa6b]" started-at="2023-10-24T22:39:41 EDT" name="afterEachTestMethod" finished-at="2023-10-24T22:39:42 EDT" duration-ms="273" status="PASS">
          <params>
            <param index="0">
              <value>
                <![CDATA[[TestResult name=loginWithValidCredentials status=SUCCESS method=ValidLoginTest.loginWithValidCredentials()[pri:0, instance:saucedemotest.ValidLoginTest@3185fa6b] output={null}]]]>
              </value>
            </param>
          </params>
          <reporter-output>
          </reporter-output>
        </test-method> <!-- afterEachTestMethod -->
        <test-method is-config="true" signature="generateReport()[pri:0, instance:saucedemotest.ValidLoginTest@3185fa6b]" started-at="2023-10-24T22:39:44 EDT" name="generateReport" finished-at="2023-10-24T22:39:45 EDT" duration-ms="11" status="PASS">
          <reporter-output>
          </reporter-output>
        </test-method> <!-- generateReport -->
      </class> <!-- saucedemotest.ValidLoginTest -->
    </test> <!-- login sauce demo test -->
  </suite> <!-- regression suite -->
</testng-results>
