<?xml version="1.0" encoding="UTF-8" ?>
<testsuite tests="3" failures="0" name="TestSuite" time="1.127" errors="0" skipped="0">
  <properties>
[...]
</properties>
  <testcase classname="saucedemotest.ValidLoginTest" name="loginWithValidCredentials" time="0.59"/>
  <testcase classname="saucedemotest.InvalidLoginTest" name="loginWithInvalidUsernameAndValidPassword" time="0.248"/>
  <testcase classname="saucedemotest.InvalidLoginTest" name="loginWithValidUsernameAndInvalidPassword" time="0.289"/>
</testsuite>