<?xml version="1.0" encoding="UTF-8"?>
<testng-results ignored="0" total="3" passed="3" failed="0" skipped="0">
  <reporter-output>
  </reporter-output>
  <suite started-at="2023-10-11T22:25:42 EDT" name="regression suite" finished-at="2023-10-11T22:25:58 EDT" duration-ms="16587">
    <groups>
    </groups>
    <test started-at="2023-10-11T22:25:42 EDT" name="login sauce demo test" finished-at="2023-10-11T22:25:58 EDT" duration-ms="16587">
      <class name="saucedemotest.InvalidLoginTest">
        <test-method is-config="true" signature="setUp(java.lang.String,java.lang.String)[pri:0, instance:saucedemotest.InvalidLoginTest@76f2bbc1]" started-at="2023-10-11T22:25:49 EDT" name="setUp" finished-at="2023-10-11T22:25:51 EDT" duration-ms="2536" status="PASS">
          <params>
            <param index="0">
              <value>
                <![CDATA[http://www.saucedemo.com]]>
              </value>
            </param>
            <param index="1">
              <value>
                <![CDATA[chrome]]>
              </value>
            </param>
          </params>
          <reporter-output>
          </reporter-output>
        </test-method> <!-- setUp -->
        <test-method signature="test1()[pri:0, instance:saucedemotest.InvalidLoginTest@76f2bbc1]" started-at="2023-10-11T22:25:51 EDT" name="test1" finished-at="2023-10-11T22:25:52 EDT" duration-ms="125" status="PASS">
          <reporter-output>
          </reporter-output>
        </test-method> <!-- test1 -->
        <test-method is-config="true" signature="tearDown()[pri:0, instance:saucedemotest.InvalidLoginTest@76f2bbc1]" started-at="2023-10-11T22:25:52 EDT" name="tearDown" finished-at="2023-10-11T22:25:53 EDT" duration-ms="1689" status="PASS">
          <reporter-output>
          </reporter-output>
        </test-method> <!-- tearDown -->
        <test-method is-config="true" signature="setUp(java.lang.String,java.lang.String)[pri:0, instance:saucedemotest.InvalidLoginTest@76f2bbc1]" started-at="2023-10-11T22:25:53 EDT" name="setUp" finished-at="2023-10-11T22:25:56 EDT" duration-ms="2648" status="PASS">
          <params>
            <param index="0">
              <value>
                <![CDATA[http://www.saucedemo.com]]>
              </value>
            </param>
            <param index="1">
              <value>
                <![CDATA[chrome]]>
              </value>
            </param>
          </params>
          <reporter-output>
          </reporter-output>
        </test-method> <!-- setUp -->
        <test-method signature="test2()[pri:0, instance:saucedemotest.InvalidLoginTest@76f2bbc1]" started-at="2023-10-11T22:25:56 EDT" name="test2" finished-at="2023-10-11T22:25:56 EDT" duration-ms="122" status="PASS">
          <reporter-output>
          </reporter-output>
        </test-method> <!-- test2 -->
        <test-method is-config="true" signature="tearDown()[pri:0, instance:saucedemotest.InvalidLoginTest@76f2bbc1]" started-at="2023-10-11T22:25:56 EDT" name="tearDown" finished-at="2023-10-11T22:25:58 EDT" duration-ms="2395" status="PASS">
          <reporter-output>
          </reporter-output>
        </test-method> <!-- tearDown -->
      </class> <!-- saucedemotest.InvalidLoginTest -->
      <class name="saucedemotest.ValidLoginTest">
        <test-method is-config="true" signature="setUp(java.lang.String,java.lang.String)[pri:0, instance:saucedemotest.ValidLoginTest@7b02881e]" started-at="2023-10-11T22:25:42 EDT" name="setUp" finished-at="2023-10-11T22:25:46 EDT" duration-ms="4623" status="PASS">
          <params>
            <param index="0">
              <value>
                <![CDATA[http://www.saucedemo.com]]>
              </value>
            </param>
            <param index="1">
              <value>
                <![CDATA[chrome]]>
              </value>
            </param>
          </params>
          <reporter-output>
          </reporter-output>
        </test-method> <!-- setUp -->
        <test-method signature="test1()[pri:0, instance:saucedemotest.ValidLoginTest@7b02881e]" started-at="2023-10-11T22:25:46 EDT" name="test1" finished-at="2023-10-11T22:25:47 EDT" duration-ms="150" status="PASS">
          <reporter-output>
          </reporter-output>
        </test-method> <!-- test1 -->
        <test-method is-config="true" signature="tearDown()[pri:0, instance:saucedemotest.ValidLoginTest@7b02881e]" started-at="2023-10-11T22:25:47 EDT" name="tearDown" finished-at="2023-10-11T22:25:49 EDT" duration-ms="2266" status="PASS">
          <reporter-output>
          </reporter-output>
        </test-method> <!-- tearDown -->
      </class> <!-- saucedemotest.ValidLoginTest -->
    </test> <!-- login sauce demo test -->
  </suite> <!-- regression suite -->
</testng-results>
